[09-Jun-2025 16:58:52 UTC] PHP Warning:  require_once(auth.php): Failed to open stream: No such file or directory in C:\wamp64\www\Readify\server\addReview.php on line 14
[09-Jun-2025 16:58:52 UTC] PHP Stack trace:
[09-Jun-2025 16:58:52 UTC] PHP   1. {main}() C:\wamp64\www\Readify\server\addReview.php:0
[09-Jun-2025 16:58:52 UTC] PHP Fatal error:  Uncaught Error: Failed opening required 'auth.php' (include_path='.;C:\php\pear') in C:\wamp64\www\Readify\server\addReview.php:14
Stack trace:
#0 {main}
  thrown in C:\wamp64\www\Readify\server\addReview.php on line 14
[09-Jun-2025 17:00:53 UTC] PHP Warning:  require_once(auth.php): Failed to open stream: No such file or directory in C:\wamp64\www\Readify\server\addReview.php on line 14
[09-Jun-2025 17:00:53 UTC] PHP Stack trace:
[09-Jun-2025 17:00:53 UTC] PHP   1. {main}() C:\wamp64\www\Readify\server\addReview.php:0
[09-Jun-2025 17:00:53 UTC] PHP Fatal error:  Uncaught Error: Failed opening required 'auth.php' (include_path='.;C:\php\pear') in C:\wamp64\www\Readify\server\addReview.php:14
Stack trace:
#0 {main}
  thrown in C:\wamp64\www\Readify\server\addReview.php on line 14
[09-Jun-2025 17:01:18 UTC] PHP Warning:  require_once(auth.php): Failed to open stream: No such file or directory in C:\wamp64\www\Readify\server\addReview.php on line 14
[09-Jun-2025 17:01:18 UTC] PHP Stack trace:
[09-Jun-2025 17:01:18 UTC] PHP   1. {main}() C:\wamp64\www\Readify\server\addReview.php:0
[09-Jun-2025 17:01:18 UTC] PHP Fatal error:  Uncaught Error: Failed opening required 'auth.php' (include_path='.;C:\php\pear') in C:\wamp64\www\Readify\server\addReview.php:14
Stack trace:
#0 {main}
  thrown in C:\wamp64\www\Readify\server\addReview.php on line 14
[09-Jun-2025 17:04:17 UTC] Received data: Array
(
    [bookId] => 2
    [author] => admin
    [rating] => 5
    [comment] => 
)

[09-Jun-2025 17:04:17 UTC] Error in addReview.php: Date incomplete
[09-Jun-2025 17:04:25 UTC] Received data: Array
(
    [bookId] => 2
    [author] => admin
    [rating] => 5
    [comment] => 
)

[09-Jun-2025 17:04:25 UTC] Error in addReview.php: Date incomplete
[09-Jun-2025 17:04:36 UTC] Received data: Array
(
    [bookId] => 2
    [author] => admin
    [rating] => 5
    [comment] => 
)

[09-Jun-2025 17:04:36 UTC] Error in addReview.php: Date incomplete
[09-Jun-2025 17:05:56 UTC] Received data: Array
(
    [bookId] => 2
    [author] => admin
    [rating] => 5
    [comment] => 
)

[09-Jun-2025 17:05:56 UTC] Error in addReview.php: Date incomplete
[09-Jun-2025 17:05:58 UTC] Received data: Array
(
    [bookId] => 2
    [author] => admin
    [rating] => 5
    [comment] => 
)

[09-Jun-2025 17:05:58 UTC] Error in addReview.php: Date incomplete
[09-Jun-2025 17:07:58 UTC] Received data: Array
(
    [bookId] => 2
    [author] => admin
    [rating] => 5
    [comment] => 
)

[09-Jun-2025 17:07:58 UTC] Error in addReview.php: Date incomplete
[09-Jun-2025 17:08:00 UTC] Received data: Array
(
    [bookId] => 2
    [author] => admin
    [rating] => 5
    [comment] => 
)

[09-Jun-2025 17:08:00 UTC] Error in addReview.php: Date incomplete
[09-Jun-2025 17:08:09 UTC] Received data: Array
(
    [bookId] => 2
    [author] => admin
    [rating] => 5
    [comment] => 
)

[09-Jun-2025 17:08:09 UTC] Error in addReview.php: Date incomplete
[09-Jun-2025 17:11:40 UTC] Raw JSON received: {"bookId":2,"rating":1,"title":"123","content":"123"}
[09-Jun-2025 17:11:40 UTC] Received data: Array
(
    [bookId] => 2
    [rating] => 1
    [title] => 123
    [content] => 123
)

[09-Jun-2025 17:11:40 UTC] Error in addReview.php: Recenzia trebuie să aibă cel puțin 10 caractere
[09-Jun-2025 17:11:47 UTC] Raw JSON received: {"bookId":2,"rating":1,"title":"123","content":"1234567890"}
[09-Jun-2025 17:11:47 UTC] Received data: Array
(
    [bookId] => 2
    [rating] => 1
    [title] => 123
    [content] => 1234567890
)

[09-Jun-2025 17:12:50 UTC] Raw JSON received: {"bookId":2,"rating":1,"title":"recenzie 2","content":"123456789012313121"}
[09-Jun-2025 17:12:50 UTC] Received data: Array
(
    [bookId] => 2
    [rating] => 1
    [title] => recenzie 2
    [content] => 123456789012313121
)

[09-Jun-2025 17:12:50 UTC] Error in addReview.php: Ai deja adăugat o recenzie pentru această carte
[09-Jun-2025 17:13:32 UTC] Raw JSON received: {"bookId":2,"rating":1,"title":"123","content":"12311321233123123213"}
[09-Jun-2025 17:13:32 UTC] Received data: Array
(
    [bookId] => 2
    [rating] => 1
    [title] => 123
    [content] => 12311321233123123213
)

[09-Jun-2025 17:13:32 UTC] Error in addReview.php: Ai deja adăugat o recenzie pentru această carte
[09-Jun-2025 17:15:32 UTC] Raw JSON received: {"bookId":2,"rating":1,"title":"not bad","content":"lorem ipsum 12313131231"}
[09-Jun-2025 17:15:32 UTC] Received data: Array
(
    [bookId] => 2
    [rating] => 1
    [title] => not bad
    [content] => lorem ipsum 12313131231
)

[09-Jun-2025 17:27:27 UTC] Raw JSON received: {"bookId":2,"rating":1,"title":"123","content":"123"}
[09-Jun-2025 17:27:27 UTC] Received data: Array
(
    [bookId] => 2
    [rating] => 1
    [title] => 123
    [content] => 123
)

[09-Jun-2025 17:27:27 UTC] Error in addReview.php: Recenzia trebuie să aibă cel puțin 10 caractere
[09-Jun-2025 17:27:30 UTC] Raw JSON received: {"bookId":2,"rating":1,"title":"123","content":"12332111111"}
[09-Jun-2025 17:27:30 UTC] Received data: Array
(
    [bookId] => 2
    [rating] => 1
    [title] => 123
    [content] => 12332111111
)

[09-Jun-2025 17:39:29 UTC] Raw JSON received: {"bookId":2,"rating":1,"title":"123","content":"21313131313131313131313131313131313"}
[09-Jun-2025 17:39:29 UTC] Received data: Array
(
    [bookId] => 2
    [rating] => 1
    [title] => 123
    [content] => 21313131313131313131313131313131313
)

[09-Jun-2025 17:39:29 UTC] Error in addReview.php: Ai deja adăugat o recenzie pentru această carte
[09-Jun-2025 17:39:48 UTC] Raw JSON received: {"bookId":2,"rating":1,"title":"12213132","content":"12311212123123"}
[09-Jun-2025 17:39:48 UTC] Received data: Array
(
    [bookId] => 2
    [rating] => 1
    [title] => 12213132
    [content] => 12311212123123
)

[09-Jun-2025 17:43:44 UTC] Raw JSON received: {"bookId":3,"rating":1,"title":"1231","content":"123131213312132132"}
[09-Jun-2025 17:43:44 UTC] Received data: Array
(
    [bookId] => 3
    [rating] => 1
    [title] => 1231
    [content] => 123131213312132132
)

[09-Jun-2025 17:47:34 UTC] Raw JSON received: {"bookId":2,"rating":1,"title":"122","content":"213312312132132312213123"}
[09-Jun-2025 17:47:34 UTC] Received data: Array
(
    [bookId] => 2
    [rating] => 1
    [title] => 122
    [content] => 213312312132132312213123
)

[09-Jun-2025 17:48:20 UTC] Raw JSON received: {"bookId":2,"rating":1,"title":"5 stele","content":"5 stelee                 "}
[09-Jun-2025 17:48:20 UTC] Received data: Array
(
    [bookId] => 2
    [rating] => 1
    [title] => 5 stele
    [content] => 5 stelee                 
)

[09-Jun-2025 17:48:20 UTC] Error in addReview.php: Recenzia trebuie să aibă cel puțin 10 caractere
[09-Jun-2025 17:48:23 UTC] Raw JSON received: {"bookId":2,"rating":1,"title":"5 stele","content":"5 stelee               13232312  "}
[09-Jun-2025 17:48:23 UTC] Received data: Array
(
    [bookId] => 2
    [rating] => 1
    [title] => 5 stele
    [content] => 5 stelee               13232312  
)

[09-Jun-2025 17:50:02 UTC] Raw JSON received: {"bookId":2,"rating":5,"title":"5 steel","content":"121211221211221"}
[09-Jun-2025 17:50:02 UTC] Received data: Array
(
    [bookId] => 2
    [rating] => 5
    [title] => 5 steel
    [content] => 121211221211221
)

[09-Jun-2025 17:50:02 UTC] Received review data: {"bookId":2,"rating":5,"title":"5 steel","content":"121211221211221"}
